<?xml version="1.0" encoding="UTF-8"?>
<!-- Generated by org.testng.reporters.JUnitReportReporter -->
<testsuite hostname="myinspiron14" failures="0" tests="1" name="tests.LoginTest" time="4.399" errors="0" timestamp="2025-08-20T14:52:43 EDT" skipped="0">
  <testcase classname="tests.LoginTest" name="testValidLogin" time="4.399"/>
</testsuite> <!-- tests.LoginTest -->
